mode: set
bkpdir/archive.go:73.56,74.45 1 1
bkpdir/archive.go:74.45,76.3 1 1
bkpdir/archive.go:77.2,77.47 1 1
bkpdir/archive.go:85.67,88.59 3 1
bkpdir/archive.go:88.59,90.48 2 1
bkpdir/archive.go:90.48,92.4 1 0
bkpdir/archive.go:94.2,94.20 1 1
bkpdir/archive.go:94.20,96.3 1 1
bkpdir/archive.go:97.2,97.22 1 1
bkpdir/archive.go:105.70,107.22 2 1
bkpdir/archive.go:107.22,109.3 1 1
bkpdir/archive.go:109.8,111.3 1 1
bkpdir/archive.go:113.2,113.59 1 1
bkpdir/archive.go:113.59,115.48 2 1
bkpdir/archive.go:115.48,117.4 1 0
bkpdir/archive.go:120.2,120.20 1 1
bkpdir/archive.go:120.20,122.3 1 1
bkpdir/archive.go:124.2,124.22 1 1
bkpdir/archive.go:134.77,137.33 3 1
bkpdir/archive.go:137.33,139.3 1 0
bkpdir/archive.go:141.2,143.27 3 1
bkpdir/archive.go:143.27,145.3 1 1
bkpdir/archive.go:147.2,159.42 2 1
bkpdir/archive.go:168.57,169.55 1 1
bkpdir/archive.go:169.55,171.3 1 1
bkpdir/archive.go:173.2,175.16 3 1
bkpdir/archive.go:175.16,177.3 1 0
bkpdir/archive.go:179.2,179.35 1 1
bkpdir/archive.go:179.35,180.64 1 1
bkpdir/archive.go:180.64,181.12 1 0
bkpdir/archive.go:184.3,185.17 2 1
bkpdir/archive.go:185.17,186.12 1 0
bkpdir/archive.go:188.3,188.39 1 1
bkpdir/archive.go:190.2,190.22 1 1
bkpdir/archive.go:198.84,201.16 3 1
bkpdir/archive.go:201.16,203.3 1 0
bkpdir/archive.go:205.2,214.33 3 1
bkpdir/archive.go:214.33,216.3 1 0
bkpdir/archive.go:218.2,218.21 1 1
bkpdir/archive.go:227.110,229.2 1 0
bkpdir/archive.go:236.105,238.81 2 1
bkpdir/archive.go:238.81,239.55 1 1
bkpdir/archive.go:239.55,241.4 1 0
bkpdir/archive.go:243.3,243.17 1 1
bkpdir/archive.go:243.17,245.4 1 0
bkpdir/archive.go:247.3,248.17 2 1
bkpdir/archive.go:248.17,250.4 1 0
bkpdir/archive.go:252.3,252.76 1 1
bkpdir/archive.go:252.76,254.4 1 1
bkpdir/archive.go:256.3,257.13 2 1
bkpdir/archive.go:259.2,259.19 1 1
bkpdir/archive.go:263.58,264.9 1 1
bkpdir/archive.go:265.20,266.19 1 0
bkpdir/archive.go:267.10,268.13 1 1
bkpdir/archive.go:273.114,275.16 2 1
bkpdir/archive.go:275.16,277.3 1 0
bkpdir/archive.go:279.2,279.54 1 1
bkpdir/archive.go:279.54,281.3 1 0
bkpdir/archive.go:283.2,283.56 1 1
bkpdir/archive.go:283.56,285.3 1 0
bkpdir/archive.go:287.2,291.16 4 1
bkpdir/archive.go:291.16,293.3 1 0
bkpdir/archive.go:295.2,296.16 2 1
bkpdir/archive.go:296.16,298.3 1 0
bkpdir/archive.go:300.2,301.16 2 1
bkpdir/archive.go:301.16,303.3 1 0
bkpdir/archive.go:305.2,307.12 2 1
bkpdir/archive.go:307.12,310.3 2 1
bkpdir/archive.go:312.2,320.4 1 1
bkpdir/archive.go:324.84,326.27 2 1
bkpdir/archive.go:326.27,328.3 1 1
bkpdir/archive.go:329.2,329.13 1 1
bkpdir/archive.go:329.13,330.61 1 1
bkpdir/archive.go:330.61,332.4 1 0
bkpdir/archive.go:334.2,334.24 1 1
bkpdir/archive.go:338.71,341.26 3 1
bkpdir/archive.go:341.26,343.3 1 1
bkpdir/archive.go:344.2,344.43 1 1
bkpdir/archive.go:348.62,352.95 3 1
bkpdir/archive.go:352.95,358.3 1 0
bkpdir/archive.go:360.2,360.54 1 1
bkpdir/archive.go:360.54,366.3 1 0
bkpdir/archive.go:368.2,370.16 2 1
bkpdir/archive.go:370.16,376.3 2 0
bkpdir/archive.go:378.2,378.12 1 1
bkpdir/archive.go:382.57,384.16 2 0
bkpdir/archive.go:384.16,390.3 1 0
bkpdir/archive.go:391.2,391.24 1 0
bkpdir/archive.go:391.24,397.3 1 0
bkpdir/archive.go:398.2,398.12 1 0
bkpdir/archive.go:402.82,404.2 1 1
bkpdir/archive.go:407.93,409.2 1 0
bkpdir/archive.go:421.89,430.2 2 1
bkpdir/archive.go:433.70,435.16 2 1
bkpdir/archive.go:435.16,437.3 1 0
bkpdir/archive.go:439.2,440.16 2 1
bkpdir/archive.go:440.16,442.3 1 0
bkpdir/archive.go:444.2,445.16 2 1
bkpdir/archive.go:445.16,447.3 1 0
bkpdir/archive.go:449.2,450.16 2 1
bkpdir/archive.go:450.16,452.3 1 0
bkpdir/archive.go:454.2,454.29 1 1
bkpdir/archive.go:454.29,458.3 3 1
bkpdir/archive.go:460.2,462.16 2 1
bkpdir/archive.go:462.16,464.3 1 0
bkpdir/archive.go:466.2,466.19 1 1
bkpdir/archive.go:466.19,469.3 2 0
bkpdir/archive.go:471.2,478.4 1 1
bkpdir/archive.go:482.111,484.16 2 1
bkpdir/archive.go:484.16,486.3 1 0
bkpdir/archive.go:487.2,490.80 3 1
bkpdir/archive.go:490.80,491.17 1 1
bkpdir/archive.go:491.17,493.4 1 0
bkpdir/archive.go:494.3,495.17 2 1
bkpdir/archive.go:495.17,497.4 1 0
bkpdir/archive.go:498.3,498.17 1 1
bkpdir/archive.go:498.17,500.4 1 1
bkpdir/archive.go:501.3,501.46 1 1
bkpdir/archive.go:501.46,503.4 1 0
bkpdir/archive.go:504.3,504.43 1 1
bkpdir/archive.go:504.43,506.4 1 1
bkpdir/archive.go:507.3,507.13 1 1
bkpdir/archive.go:509.2,509.27 1 1
bkpdir/archive.go:514.84,517.33 3 1
bkpdir/archive.go:517.33,519.3 1 0
bkpdir/archive.go:521.2,536.25 5 1
bkpdir/archive.go:540.73,541.95 1 1
bkpdir/archive.go:541.95,547.3 1 0
bkpdir/archive.go:549.2,549.58 1 1
bkpdir/archive.go:549.58,554.50 2 0
bkpdir/archive.go:554.50,556.4 1 0
bkpdir/archive.go:559.2,561.12 3 1
bkpdir/archive.go:566.81,575.2 2 1
bkpdir/archive.go:578.108,579.54 1 1
bkpdir/archive.go:579.54,581.3 1 0
bkpdir/archive.go:583.2,584.16 2 1
bkpdir/archive.go:584.16,586.3 1 0
bkpdir/archive.go:587.2,592.51 4 1
bkpdir/archive.go:596.99,597.28 1 1
bkpdir/archive.go:597.28,598.55 1 1
bkpdir/archive.go:598.55,600.4 1 0
bkpdir/archive.go:602.3,602.60 1 1
bkpdir/archive.go:602.60,604.4 1 0
bkpdir/archive.go:606.2,606.12 1 1
bkpdir/archive.go:610.66,613.16 3 1
bkpdir/archive.go:613.16,615.3 1 0
bkpdir/archive.go:617.2,618.16 2 1
bkpdir/archive.go:618.16,620.3 1 0
bkpdir/archive.go:622.2,625.16 4 1
bkpdir/archive.go:625.16,627.3 1 0
bkpdir/archive.go:629.2,629.19 1 1
bkpdir/archive.go:629.19,631.17 2 1
bkpdir/archive.go:631.17,633.4 1 0
bkpdir/archive.go:634.3,636.17 3 1
bkpdir/archive.go:636.17,638.4 1 0
bkpdir/archive.go:641.2,641.12 1 1
bkpdir/archive.go:645.65,647.16 2 1
bkpdir/archive.go:647.16,649.3 1 0
bkpdir/archive.go:650.2,650.24 1 1
bkpdir/archive.go:650.24,652.3 1 0
bkpdir/archive.go:655.2,656.42 2 1
bkpdir/archive.go:656.42,657.33 1 1
bkpdir/archive.go:657.33,659.9 2 1
bkpdir/archive.go:662.2,662.30 1 1
bkpdir/archive.go:662.30,664.3 1 0
bkpdir/archive.go:667.2,668.16 2 1
bkpdir/archive.go:668.16,674.3 1 0
bkpdir/archive.go:675.2,677.31 2 1
bkpdir/backup.go:57.38,58.18 1 0
bkpdir/backup.go:58.18,60.3 1 0
bkpdir/backup.go:61.2,61.18 1 0
bkpdir/backup.go:64.38,66.2 1 0
bkpdir/backup.go:73.90,80.2 1 0
bkpdir/backup.go:87.110,95.2 1 0
bkpdir/backup.go:102.85,112.2 2 1
bkpdir/backup.go:119.57,121.74 1 1
bkpdir/backup.go:121.74,123.3 1 1
bkpdir/backup.go:126.2,127.16 2 1
bkpdir/backup.go:127.16,129.3 1 0
bkpdir/backup.go:131.2,131.17 1 1
bkpdir/backup.go:131.17,133.3 1 0
bkpdir/backup.go:135.2,135.49 1 1
bkpdir/backup.go:143.77,145.16 2 1
bkpdir/backup.go:145.16,147.3 1 0
bkpdir/backup.go:149.2,149.16 1 1
bkpdir/backup.go:149.16,151.3 1 1
bkpdir/backup.go:153.2,153.24 1 1
bkpdir/backup.go:161.78,162.22 1 0
bkpdir/backup.go:162.22,164.3 1 0
bkpdir/backup.go:164.8,169.3 3 0
bkpdir/backup.go:170.2,170.12 1 0
bkpdir/backup.go:178.74,183.85 3 1
bkpdir/backup.go:183.85,185.3 1 0
bkpdir/backup.go:188.2,188.67 1 1
bkpdir/backup.go:188.67,190.3 1 0
bkpdir/backup.go:192.2,192.51 1 1
bkpdir/backup.go:200.94,202.29 2 1
bkpdir/backup.go:202.29,203.28 1 0
bkpdir/backup.go:203.28,205.4 1 0
bkpdir/backup.go:205.9,210.4 3 0
bkpdir/backup.go:211.3,211.61 1 0
bkpdir/backup.go:213.2,213.12 1 1
bkpdir/backup.go:221.76,231.58 5 1
bkpdir/backup.go:231.58,233.3 1 0
bkpdir/backup.go:236.2,236.56 1 1
bkpdir/backup.go:236.56,238.3 1 0
bkpdir/backup.go:241.2,246.12 4 1
bkpdir/backup.go:250.57,252.2 1 0
bkpdir/backup.go:255.98,258.37 2 1
bkpdir/backup.go:258.37,260.3 1 1
bkpdir/backup.go:263.2,267.16 3 1
bkpdir/backup.go:267.16,269.3 1 0
bkpdir/backup.go:271.2,272.16 2 1
bkpdir/backup.go:272.16,274.3 1 0
bkpdir/backup.go:276.2,276.42 1 1
bkpdir/backup.go:276.42,278.3 1 0
bkpdir/backup.go:281.2,282.16 2 1
bkpdir/backup.go:282.16,284.3 1 1
bkpdir/backup.go:286.2,286.40 1 1
bkpdir/backup.go:290.76,293.54 2 1
bkpdir/backup.go:293.54,295.3 1 1
bkpdir/backup.go:297.2,298.16 2 1
bkpdir/backup.go:298.16,300.3 1 0
bkpdir/backup.go:302.2,303.32 2 1
bkpdir/backup.go:303.32,304.20 1 1
bkpdir/backup.go:304.20,305.12 1 1
bkpdir/backup.go:308.3,309.39 2 1
bkpdir/backup.go:309.39,310.12 1 0
bkpdir/backup.go:313.3,314.17 2 1
bkpdir/backup.go:314.17,315.12 1 0
bkpdir/backup.go:318.3,326.36 3 1
bkpdir/backup.go:330.2,330.38 1 1
bkpdir/backup.go:330.38,331.41 1 1
bkpdir/backup.go:331.41,332.63 1 1
bkpdir/backup.go:332.63,334.5 1 1
bkpdir/backup.go:338.2,338.21 1 1
bkpdir/backup.go:342.94,346.35 3 0
bkpdir/backup.go:346.35,348.17 2 0
bkpdir/backup.go:348.17,350.4 1 0
bkpdir/backup.go:353.3,354.17 2 0
bkpdir/backup.go:354.17,357.4 1 0
bkpdir/backup.go:359.3,359.62 1 0
bkpdir/backup.go:362.2,363.16 2 0
bkpdir/backup.go:363.16,365.3 1 0
bkpdir/backup.go:367.2,367.23 1 0
bkpdir/backup.go:367.23,370.3 2 0
bkpdir/backup.go:372.2,372.33 1 0
bkpdir/backup.go:372.33,376.3 3 0
bkpdir/backup.go:378.2,378.12 1 0
bkpdir/backup.go:382.38,384.16 2 1
bkpdir/backup.go:384.16,386.3 1 0
bkpdir/backup.go:387.2,390.16 3 1
bkpdir/backup.go:390.16,392.3 1 0
bkpdir/backup.go:393.2,396.16 3 1
bkpdir/backup.go:396.16,398.3 1 0
bkpdir/backup.go:401.2,402.16 2 1
bkpdir/backup.go:402.16,404.3 1 0
bkpdir/backup.go:406.2,406.41 1 1
bkpdir/backup.go:410.54,412.16 2 1
bkpdir/backup.go:412.16,414.3 1 0
bkpdir/backup.go:415.2,418.16 3 1
bkpdir/backup.go:418.16,420.3 1 1
bkpdir/backup.go:421.2,423.36 2 1
bkpdir/backup.go:427.57,431.6 3 1
bkpdir/backup.go:431.6,435.15 3 1
bkpdir/backup.go:435.15,437.4 1 0
bkpdir/backup.go:440.3,440.33 1 1
bkpdir/backup.go:440.33,442.4 1 1
bkpdir/backup.go:445.3,445.44 1 1
bkpdir/backup.go:445.44,447.4 1 1
bkpdir/backup.go:452.65,453.38 1 1
bkpdir/backup.go:453.38,455.3 1 1
bkpdir/backup.go:456.2,456.17 1 0
bkpdir/backup.go:456.17,458.3 1 0
bkpdir/backup.go:459.2,459.20 1 0
bkpdir/backup.go:463.45,464.33 1 1
bkpdir/backup.go:464.33,465.25 1 1
bkpdir/backup.go:465.25,467.4 1 1
bkpdir/backup.go:469.2,469.13 1 1
bkpdir/backup.go:473.64,475.16 2 1
bkpdir/backup.go:475.16,476.25 1 1
bkpdir/backup.go:476.25,478.4 1 1
bkpdir/backup.go:479.3,479.92 1 0
bkpdir/backup.go:482.2,482.34 1 1
bkpdir/backup.go:482.34,484.3 1 1
bkpdir/backup.go:486.2,486.12 1 1
bkpdir/backup.go:490.72,492.35 2 1
bkpdir/backup.go:492.35,494.17 2 0
bkpdir/backup.go:494.17,496.4 1 0
bkpdir/backup.go:499.3,500.17 2 0
bkpdir/backup.go:500.17,503.4 1 0
bkpdir/backup.go:505.3,505.62 1 0
bkpdir/backup.go:509.2,513.54 4 1
bkpdir/backup.go:517.117,527.2 2 1
bkpdir/backup.go:530.68,532.43 1 1
bkpdir/backup.go:532.43,534.3 1 1
bkpdir/backup.go:537.2,537.74 1 1
bkpdir/backup.go:537.74,539.3 1 0
bkpdir/backup.go:542.2,543.16 2 1
bkpdir/backup.go:543.16,545.3 1 0
bkpdir/backup.go:547.2,547.17 1 1
bkpdir/backup.go:547.17,549.3 1 0
bkpdir/backup.go:551.2,551.52 1 1
bkpdir/backup.go:555.77,560.85 3 1
bkpdir/backup.go:560.85,562.3 1 0
bkpdir/backup.go:565.2,565.67 1 1
bkpdir/backup.go:565.67,567.3 1 0
bkpdir/backup.go:569.2,569.52 1 1
bkpdir/backup.go:573.77,583.83 5 1
bkpdir/backup.go:583.83,585.3 1 0
bkpdir/backup.go:588.2,588.56 1 1
bkpdir/backup.go:588.56,590.3 1 0
bkpdir/backup.go:593.2,598.12 4 1
bkpdir/backup.go:603.34,605.2 1 0
bkpdir/backup.go:608.70,610.34 1 1
bkpdir/backup.go:610.34,612.3 1 0
bkpdir/backup.go:614.2,615.16 2 1
bkpdir/backup.go:615.16,617.3 1 0
bkpdir/backup.go:618.2,621.16 3 1
bkpdir/backup.go:621.16,623.3 1 0
bkpdir/backup.go:624.2,626.57 2 1
bkpdir/backup.go:630.74,632.6 2 1
bkpdir/backup.go:632.6,634.35 1 1
bkpdir/backup.go:634.35,636.4 1 0
bkpdir/backup.go:638.3,639.12 2 1
bkpdir/backup.go:639.12,640.58 1 1
bkpdir/backup.go:640.58,642.5 1 0
bkpdir/backup.go:645.3,645.20 1 1
bkpdir/backup.go:645.20,646.9 1 1
bkpdir/backup.go:648.3,648.17 1 1
bkpdir/backup.go:648.17,650.4 1 0
bkpdir/backup.go:654.2,655.16 2 1
bkpdir/backup.go:655.16,657.3 1 0
bkpdir/backup.go:659.2,659.37 1 1
bkpdir/backup.go:663.38,665.2 1 0
bkpdir/backup.go:668.68,672.16 3 1
bkpdir/backup.go:672.16,674.3 1 1
bkpdir/backup.go:676.2,676.19 1 1
bkpdir/backup.go:680.96,682.2 1 0
bkpdir/backup.go:685.86,687.34 1 0
bkpdir/backup.go:687.34,689.3 1 0
bkpdir/backup.go:691.2,692.16 2 0
bkpdir/backup.go:692.16,694.3 1 0
bkpdir/backup.go:695.2,698.16 3 0
bkpdir/backup.go:698.16,700.3 1 0
bkpdir/backup.go:701.2,703.52 2 0
bkpdir/backup.go:707.89,711.6 3 0
bkpdir/backup.go:711.6,713.35 1 0
bkpdir/backup.go:713.35,715.4 1 0
bkpdir/backup.go:717.3,720.15 3 0
bkpdir/backup.go:720.15,722.4 1 0
bkpdir/backup.go:725.3,725.33 1 0
bkpdir/backup.go:725.33,727.4 1 0
bkpdir/backup.go:730.3,730.44 1 0
bkpdir/backup.go:730.44,732.4 1 0
bkpdir/backup.go:737.103,739.34 1 0
bkpdir/backup.go:739.34,741.3 1 0
bkpdir/backup.go:743.2,746.54 3 0
bkpdir/backup.go:746.54,748.3 1 0
bkpdir/backup.go:750.2,751.16 2 0
bkpdir/backup.go:751.16,753.3 1 0
bkpdir/backup.go:755.2,756.16 2 0
bkpdir/backup.go:756.16,758.3 1 0
bkpdir/backup.go:761.2,763.21 2 0
bkpdir/backup.go:771.22,775.32 3 0
bkpdir/backup.go:775.32,777.35 1 0
bkpdir/backup.go:777.35,779.4 1 0
bkpdir/backup.go:781.3,781.20 1 0
bkpdir/backup.go:781.20,782.12 1 0
bkpdir/backup.go:785.3,786.39 2 0
bkpdir/backup.go:786.39,787.12 1 0
bkpdir/backup.go:790.3,791.17 2 0
bkpdir/backup.go:791.17,792.12 1 0
bkpdir/backup.go:795.3,795.36 1 0
bkpdir/backup.go:798.2,798.21 1 0
bkpdir/backup.go:802.94,804.16 2 0
bkpdir/backup.go:804.16,806.3 1 0
bkpdir/backup.go:808.2,813.48 4 0
bkpdir/backup.go:813.48,815.3 1 0
bkpdir/backup.go:817.2,825.20 2 0
bkpdir/backup.go:829.51,830.38 1 0
bkpdir/backup.go:830.38,831.41 1 0
bkpdir/backup.go:831.41,832.63 1 0
bkpdir/backup.go:832.63,834.5 1 0
bkpdir/backup.go:840.73,842.16 2 0
bkpdir/backup.go:842.16,844.3 1 0
bkpdir/backup.go:846.2,846.23 1 0
bkpdir/backup.go:846.23,848.3 1 0
bkpdir/backup.go:850.2,850.24 1 0
bkpdir/backup.go:854.51,856.16 2 0
bkpdir/backup.go:856.16,857.25 1 0
bkpdir/backup.go:857.25,859.4 1 0
bkpdir/backup.go:860.3,860.54 1 0
bkpdir/backup.go:863.2,863.34 1 0
bkpdir/backup.go:863.34,865.3 1 0
bkpdir/backup.go:867.2,867.12 1 0
bkpdir/comparison.go:34.101,39.86 2 1
bkpdir/comparison.go:39.86,40.17 1 1
bkpdir/comparison.go:40.17,42.4 1 1
bkpdir/comparison.go:45.3,46.17 2 1
bkpdir/comparison.go:46.17,48.4 1 0
bkpdir/comparison.go:51.3,51.21 1 1
bkpdir/comparison.go:51.21,53.4 1 1
bkpdir/comparison.go:56.3,56.50 1 1
bkpdir/comparison.go:56.50,57.20 1 1
bkpdir/comparison.go:57.20,59.5 1 0
bkpdir/comparison.go:60.4,60.14 1 1
bkpdir/comparison.go:63.3,71.20 2 1
bkpdir/comparison.go:71.20,73.18 2 1
bkpdir/comparison.go:73.18,75.5 1 0
bkpdir/comparison.go:76.4,76.24 1 1
bkpdir/comparison.go:79.3,80.13 2 1
bkpdir/comparison.go:83.2,83.16 1 1
bkpdir/comparison.go:83.16,85.3 1 1
bkpdir/comparison.go:88.2,88.40 1 1
bkpdir/comparison.go:88.40,90.3 1 1
bkpdir/comparison.go:92.2,92.46 1 1
bkpdir/comparison.go:96.76,101.16 2 1
bkpdir/comparison.go:101.16,103.3 1 1
bkpdir/comparison.go:104.2,108.35 3 1
bkpdir/comparison.go:108.35,110.40 1 1
bkpdir/comparison.go:110.40,111.12 1 0
bkpdir/comparison.go:114.3,123.17 3 1
bkpdir/comparison.go:123.17,125.4 1 0
bkpdir/comparison.go:126.3,128.34 2 1
bkpdir/comparison.go:132.2,132.40 1 1
bkpdir/comparison.go:132.40,134.3 1 1
bkpdir/comparison.go:136.2,136.46 1 1
bkpdir/comparison.go:140.69,142.50 1 1
bkpdir/comparison.go:142.50,144.3 1 1
bkpdir/comparison.go:146.2,146.40 1 1
bkpdir/comparison.go:146.40,152.31 2 1
bkpdir/comparison.go:152.31,154.4 1 1
bkpdir/comparison.go:157.3,157.47 1 1
bkpdir/comparison.go:157.47,159.4 1 1
bkpdir/comparison.go:162.2,162.13 1 1
bkpdir/comparison.go:166.105,171.16 2 1
bkpdir/comparison.go:171.16,173.3 1 1
bkpdir/comparison.go:176.2,177.16 2 1
bkpdir/comparison.go:177.16,179.3 1 1
bkpdir/comparison.go:182.2,182.60 1 1
bkpdir/comparison.go:186.63,189.16 2 1
bkpdir/comparison.go:189.16,191.3 1 1
bkpdir/comparison.go:193.2,193.24 1 1
bkpdir/comparison.go:193.24,195.3 1 1
bkpdir/comparison.go:198.2,201.35 3 1
bkpdir/comparison.go:201.35,203.28 1 1
bkpdir/comparison.go:203.28,204.12 1 1
bkpdir/comparison.go:208.3,209.17 2 1
bkpdir/comparison.go:209.17,210.12 1 0
bkpdir/comparison.go:213.3,213.43 1 1
bkpdir/comparison.go:213.43,216.4 2 1
bkpdir/comparison.go:219.2,219.27 1 1
bkpdir/comparison.go:219.27,221.3 1 1
bkpdir/comparison.go:223.2,223.29 1 1
bkpdir/comparison.go:227.107,232.16 2 1
bkpdir/comparison.go:232.16,234.3 1 0
bkpdir/comparison.go:236.2,236.29 1 1
bkpdir/comparison.go:236.29,239.3 1 1
bkpdir/comparison.go:242.2,243.16 2 1
bkpdir/comparison.go:243.16,245.3 1 0
bkpdir/comparison.go:247.2,247.42 1 1
bkpdir/comparison.go:251.57,254.16 2 1
bkpdir/comparison.go:254.16,256.3 1 0
bkpdir/comparison.go:257.2,260.47 3 1
bkpdir/comparison.go:260.47,262.3 1 0
bkpdir/comparison.go:264.2,264.46 1 1
bkpdir/comparison.go:268.63,272.16 2 1
bkpdir/comparison.go:272.16,274.3 1 0
bkpdir/comparison.go:275.2,278.49 3 1
bkpdir/comparison.go:278.49,280.3 1 0
bkpdir/comparison.go:282.2,282.46 1 1
bkpdir/comparison.go:286.88,289.16 2 1
bkpdir/comparison.go:289.16,291.3 1 1
bkpdir/comparison.go:293.2,297.38 4 1
bkpdir/comparison.go:297.38,298.17 1 1
bkpdir/comparison.go:298.17,300.4 1 1
bkpdir/comparison.go:300.9,303.4 1 1
bkpdir/comparison.go:306.2,306.30 1 1
bkpdir/comparison.go:310.64,314.16 2 1
bkpdir/comparison.go:314.16,316.3 1 1
bkpdir/comparison.go:318.2,322.38 4 1
bkpdir/comparison.go:322.38,325.3 1 1
bkpdir/comparison.go:327.2,327.30 1 1
bkpdir/config.go:207.30,340.2 1 1
bkpdir/config.go:348.38,350.66 1 1
bkpdir/config.go:350.66,352.3 1 1
bkpdir/config.go:355.2,355.51 1 1
bkpdir/config.go:364.37,365.35 1 1
bkpdir/config.go:365.35,367.17 2 1
bkpdir/config.go:367.17,369.4 1 0
bkpdir/config.go:370.3,370.39 1 1
bkpdir/config.go:372.2,372.13 1 1
bkpdir/config.go:381.47,386.41 3 1
bkpdir/config.go:386.41,390.36 2 1
bkpdir/config.go:390.36,392.4 1 1
bkpdir/config.go:394.3,394.50 1 1
bkpdir/config.go:394.50,396.18 2 1
bkpdir/config.go:396.18,397.13 1 0
bkpdir/config.go:399.4,404.44 4 1
bkpdir/config.go:404.44,406.13 2 1
bkpdir/config.go:408.4,412.9 3 1
bkpdir/config.go:416.2,416.17 1 1
bkpdir/config.go:425.37,434.2 8 1
bkpdir/config.go:442.43,443.58 1 1
bkpdir/config.go:443.58,445.3 1 1
bkpdir/config.go:446.2,446.64 1 1
bkpdir/config.go:446.64,448.3 1 1
bkpdir/config.go:449.2,449.110 1 1
bkpdir/config.go:449.110,451.3 1 1
bkpdir/config.go:452.2,452.58 1 1
bkpdir/config.go:452.58,454.3 1 1
bkpdir/config.go:455.2,455.66 1 1
bkpdir/config.go:455.66,457.3 1 0
bkpdir/config.go:458.2,458.29 1 1
bkpdir/config.go:458.29,460.3 1 1
bkpdir/config.go:469.48,470.56 1 1
bkpdir/config.go:470.56,472.3 1 1
bkpdir/config.go:473.2,473.80 1 1
bkpdir/config.go:473.80,475.3 1 1
bkpdir/config.go:484.41,487.2 2 1
bkpdir/config.go:495.50,534.36 2 1
bkpdir/config.go:534.36,535.50 1 1
bkpdir/config.go:535.50,537.4 1 1
bkpdir/config.go:547.45,574.36 2 1
bkpdir/config.go:574.36,575.50 1 1
bkpdir/config.go:575.50,577.4 1 1
bkpdir/config.go:582.43,585.2 2 1
bkpdir/config.go:588.52,619.33 2 1
bkpdir/config.go:619.33,620.54 1 1
bkpdir/config.go:620.54,622.4 1 0
bkpdir/config.go:627.47,650.33 2 1
bkpdir/config.go:650.33,651.54 1 1
bkpdir/config.go:651.54,653.4 1 0
bkpdir/config.go:658.39,661.2 2 1
bkpdir/config.go:664.48,695.33 2 1
bkpdir/config.go:695.33,696.48 1 1
bkpdir/config.go:696.48,698.4 1 0
bkpdir/config.go:703.43,726.33 2 1
bkpdir/config.go:726.33,727.48 1 1
bkpdir/config.go:727.48,729.4 1 0
bkpdir/config.go:734.38,735.74 1 1
bkpdir/config.go:735.74,737.3 1 0
bkpdir/config.go:738.2,738.72 1 1
bkpdir/config.go:738.72,740.3 1 0
bkpdir/config.go:741.2,741.64 1 1
bkpdir/config.go:741.64,743.3 1 0
bkpdir/config.go:744.2,744.62 1 1
bkpdir/config.go:744.62,746.3 1 0
bkpdir/config.go:749.44,750.22 1 1
bkpdir/config.go:750.22,752.3 1 0
bkpdir/config.go:753.2,753.19 1 1
bkpdir/config.go:753.19,754.19 1 1
bkpdir/config.go:754.19,756.4 1 1
bkpdir/config.go:758.2,758.13 1 1
bkpdir/config.go:763.49,775.2 1 1
bkpdir/config.go:780.73,791.47 8 0
bkpdir/config.go:791.47,793.3 1 0
bkpdir/config.go:795.2,795.21 1 0
bkpdir/config.go:799.48,801.41 2 0
bkpdir/config.go:801.41,803.36 2 0
bkpdir/config.go:803.36,805.4 1 0
bkpdir/config.go:806.3,806.50 1 0
bkpdir/config.go:806.50,808.4 1 0
bkpdir/config.go:810.2,810.18 1 0
bkpdir/config.go:814.88,815.54 1 0
bkpdir/config.go:815.54,816.30 1 0
bkpdir/config.go:817.15,818.32 1 0
bkpdir/config.go:818.32,820.5 1 0
bkpdir/config.go:821.13,822.30 1 0
bkpdir/config.go:822.30,824.5 1 0
bkpdir/config.go:825.12,826.29 1 0
bkpdir/config.go:826.29,828.5 1 0
bkpdir/config.go:829.17,830.51 1 0
bkpdir/config.go:830.51,832.5 1 0
bkpdir/config.go:834.3,834.22 1 0
bkpdir/config.go:839.115,867.2 1 0
bkpdir/config.go:870.114,898.2 1 0
bkpdir/config.go:901.116,914.2 1 0
bkpdir/config.go:916.34,917.7 1 1
bkpdir/config.go:917.7,919.3 1 1
bkpdir/config.go:920.2,920.16 1 1
bkpdir/config.go:929.68,932.2 1 0
bkpdir/config.go:940.58,942.2 0 0
bkpdir/config.go:950.80,952.2 0 0
bkpdir/config.go:960.85,962.2 0 0
bkpdir/config.go:970.78,972.2 0 0
bkpdir/config.go:980.87,982.2 0 0
bkpdir/config.go:990.82,992.2 0 0
bkpdir/config.go:996.51,1000.67 2 1
bkpdir/config.go:1000.67,1002.3 1 0
bkpdir/config.go:1003.2,1003.73 1 1
bkpdir/config.go:1003.73,1005.3 1 0
bkpdir/config.go:1006.2,1006.75 1 1
bkpdir/config.go:1006.75,1008.3 1 0
bkpdir/config.go:1009.2,1009.75 1 1
bkpdir/config.go:1009.75,1011.3 1 0
bkpdir/config.go:1012.2,1012.77 1 1
bkpdir/config.go:1012.77,1014.3 1 0
bkpdir/config.go:1015.2,1015.65 1 1
bkpdir/config.go:1015.65,1017.3 1 0
bkpdir/config.go:1018.2,1018.71 1 1
bkpdir/config.go:1018.71,1020.3 1 0
bkpdir/config.go:1021.2,1021.67 1 1
bkpdir/config.go:1021.67,1023.3 1 0
bkpdir/config.go:1024.2,1024.67 1 1
bkpdir/config.go:1024.67,1026.3 1 0
bkpdir/config.go:1027.2,1027.73 1 1
bkpdir/config.go:1027.73,1029.3 1 0
bkpdir/config.go:1032.2,1032.65 1 1
bkpdir/config.go:1032.65,1034.3 1 0
bkpdir/config.go:1035.2,1035.71 1 1
bkpdir/config.go:1035.71,1037.3 1 0
bkpdir/config.go:1038.2,1038.67 1 1
bkpdir/config.go:1038.67,1040.3 1 0
bkpdir/config.go:1041.2,1041.63 1 1
bkpdir/config.go:1041.63,1043.3 1 0
bkpdir/config.go:1048.47,1052.71 2 1
bkpdir/config.go:1052.71,1054.3 1 0
bkpdir/config.go:1055.2,1055.77 1 1
bkpdir/config.go:1055.77,1057.3 1 0
bkpdir/config.go:1058.2,1058.79 1 1
bkpdir/config.go:1058.79,1060.3 1 0
bkpdir/config.go:1061.2,1061.79 1 1
bkpdir/config.go:1061.79,1063.3 1 0
bkpdir/config.go:1064.2,1064.81 1 1
bkpdir/config.go:1064.81,1066.3 1 0
bkpdir/config.go:1067.2,1067.69 1 1
bkpdir/config.go:1067.69,1069.3 1 0
bkpdir/config.go:1070.2,1070.75 1 1
bkpdir/config.go:1070.75,1072.3 1 0
bkpdir/config.go:1073.2,1073.71 1 1
bkpdir/config.go:1073.71,1075.3 1 0
bkpdir/config.go:1076.2,1076.71 1 1
bkpdir/config.go:1076.71,1078.3 1 0
bkpdir/config.go:1079.2,1079.77 1 1
bkpdir/config.go:1079.77,1081.3 1 0
bkpdir/config.go:1084.2,1084.69 1 1
bkpdir/config.go:1084.69,1086.3 1 0
bkpdir/config.go:1087.2,1087.75 1 1
bkpdir/config.go:1087.75,1089.3 1 0
bkpdir/config.go:1090.2,1090.71 1 1
bkpdir/config.go:1090.71,1092.3 1 0
bkpdir/config.go:1093.2,1093.67 1 1
bkpdir/config.go:1093.67,1095.3 1 0
bkpdir/errors.go:28.39,31.18 1 1
bkpdir/errors.go:31.18,33.3 1 1
bkpdir/errors.go:34.2,34.18 1 1
bkpdir/errors.go:37.39,39.2 1 1
bkpdir/errors.go:42.68,49.2 1 1
bkpdir/errors.go:52.88,60.2 1 1
bkpdir/errors.go:68.17,78.2 1 1
bkpdir/errors.go:81.38,84.16 1 1
bkpdir/errors.go:84.16,86.3 1 1
bkpdir/errors.go:88.2,99.43 3 1
bkpdir/errors.go:99.43,100.40 1 1
bkpdir/errors.go:100.40,102.4 1 1
bkpdir/errors.go:105.2,105.14 1 1
bkpdir/errors.go:109.38,112.16 1 1
bkpdir/errors.go:112.16,114.3 1 1
bkpdir/errors.go:116.2,127.43 3 1
bkpdir/errors.go:127.43,128.40 1 1
bkpdir/errors.go:128.40,130.4 1 1
bkpdir/errors.go:133.2,133.14 1 0
bkpdir/errors.go:137.40,140.16 1 1
bkpdir/errors.go:140.16,142.3 1 1
bkpdir/errors.go:144.2,152.45 3 1
bkpdir/errors.go:152.45,153.40 1 1
bkpdir/errors.go:153.40,155.4 1 1
bkpdir/errors.go:158.2,158.14 1 1
bkpdir/errors.go:162.47,165.16 1 1
bkpdir/errors.go:165.16,167.3 1 1
bkpdir/errors.go:169.2,172.50 2 1
bkpdir/errors.go:187.37,190.2 1 1
bkpdir/errors.go:192.37,194.2 1 1
bkpdir/errors.go:202.36,205.2 1 1
bkpdir/errors.go:207.36,209.2 1 1
bkpdir/errors.go:218.44,223.2 1 1
bkpdir/errors.go:226.59,231.2 3 1
bkpdir/errors.go:234.53,237.2 1 1
bkpdir/errors.go:240.52,243.2 1 1
bkpdir/errors.go:246.62,251.33 3 1
bkpdir/errors.go:251.33,252.38 1 1
bkpdir/errors.go:252.38,254.9 2 1
bkpdir/errors.go:260.44,266.40 4 1
bkpdir/errors.go:266.40,267.44 1 1
bkpdir/errors.go:267.44,270.4 1 1
bkpdir/errors.go:273.2,274.18 2 1
bkpdir/errors.go:278.67,280.15 1 1
bkpdir/errors.go:280.15,281.31 1 1
bkpdir/errors.go:281.31,283.4 1 1
bkpdir/errors.go:286.2,286.21 1 1
bkpdir/errors.go:296.71,302.2 1 1
bkpdir/errors.go:305.58,308.2 1 1
bkpdir/errors.go:311.67,314.2 1 1
bkpdir/errors.go:317.51,319.9 1 1
bkpdir/errors.go:320.23,321.14 1 1
bkpdir/errors.go:322.10,323.15 1 1
bkpdir/errors.go:328.58,331.2 1 1
bkpdir/errors.go:334.48,337.2 1 1
bkpdir/errors.go:340.81,345.16 1 1
bkpdir/errors.go:345.16,347.3 1 1
bkpdir/errors.go:349.2,350.33 2 1
bkpdir/errors.go:350.33,353.3 2 1
bkpdir/errors.go:356.2,356.9 1 1
bkpdir/errors.go:357.28,359.28 2 1
bkpdir/errors.go:360.30,362.36 2 1
bkpdir/errors.go:363.37,365.37 2 1
bkpdir/errors.go:366.10,368.11 2 1
bkpdir/errors.go:373.75,379.59 3 1
bkpdir/errors.go:379.59,385.3 1 1
bkpdir/errors.go:387.2,387.50 1 1
bkpdir/errors.go:387.50,393.3 1 0
bkpdir/errors.go:395.2,396.12 2 1
bkpdir/errors.go:400.69,404.48 1 1
bkpdir/errors.go:404.48,405.27 1 1
bkpdir/errors.go:405.27,411.4 1 0
bkpdir/errors.go:412.3,416.4 1 1
bkpdir/errors.go:418.2,418.12 1 1
bkpdir/errors.go:422.60,427.16 2 1
bkpdir/errors.go:427.16,428.25 1 1
bkpdir/errors.go:428.25,433.4 1 1
bkpdir/errors.go:434.3,434.29 1 1
bkpdir/errors.go:434.29,440.4 1 1
bkpdir/errors.go:441.3,445.4 1 0
bkpdir/errors.go:448.2,448.19 1 1
bkpdir/errors.go:448.19,453.3 1 1
bkpdir/errors.go:455.2,455.12 1 1
bkpdir/errors.go:459.55,464.16 2 1
bkpdir/errors.go:464.16,465.25 1 1
bkpdir/errors.go:465.25,470.4 1 1
bkpdir/errors.go:471.3,471.29 1 1
bkpdir/errors.go:471.29,477.4 1 1
bkpdir/errors.go:478.3,482.4 1 0
bkpdir/errors.go:485.2,485.30 1 1
bkpdir/errors.go:485.30,490.3 1 1
bkpdir/errors.go:492.2,492.12 1 1
bkpdir/exclude.go:23.59,27.2 1 1
bkpdir/exclude.go:30.59,35.38 2 1
bkpdir/exclude.go:35.38,36.49 1 1
bkpdir/exclude.go:36.49,38.4 1 1
bkpdir/exclude.go:40.2,40.14 1 1
bkpdir/exclude.go:44.69,48.47 2 1
bkpdir/exclude.go:48.47,50.3 1 1
bkpdir/exclude.go:52.2,52.46 1 1
bkpdir/exclude.go:52.46,54.3 1 1
bkpdir/exclude.go:56.2,56.34 1 0
bkpdir/exclude.go:60.78,69.34 2 1
bkpdir/exclude.go:69.34,71.28 2 1
bkpdir/exclude.go:71.28,73.4 1 1
bkpdir/exclude.go:75.2,75.14 1 1
bkpdir/exclude.go:79.73,81.37 1 1
bkpdir/exclude.go:81.37,84.3 2 0
bkpdir/exclude.go:86.2,89.28 3 1
bkpdir/exclude.go:89.28,91.3 1 1
bkpdir/exclude.go:93.2,93.80 1 1
bkpdir/exclude.go:97.78,100.40 2 1
bkpdir/exclude.go:100.40,102.3 1 1
bkpdir/exclude.go:104.2,104.34 1 1
bkpdir/exclude.go:104.34,106.28 2 1
bkpdir/exclude.go:106.28,108.4 1 1
bkpdir/exclude.go:110.2,110.14 1 1
bkpdir/exclude.go:117.8,119.41 1 1
bkpdir/exclude.go:119.41,122.3 2 1
bkpdir/exclude.go:123.2,123.14 1 1
bkpdir/exclude.go:127.61,133.2 2 1
bkpdir/formatter.go:32.44,36.2 1 1
bkpdir/formatter.go:39.67,46.2 1 1
bkpdir/formatter.go:49.67,56.2 1 1
bkpdir/formatter.go:59.58,62.2 1 1
bkpdir/formatter.go:65.39,67.34 1 0
bkpdir/formatter.go:67.34,68.34 1 0
bkpdir/formatter.go:68.34,70.4 1 0
bkpdir/formatter.go:70.9,72.4 1 0
bkpdir/formatter.go:74.2,74.40 1 0
bkpdir/formatter.go:78.42,81.34 2 0
bkpdir/formatter.go:81.34,82.34 1 0
bkpdir/formatter.go:82.34,84.4 1 0
bkpdir/formatter.go:84.9,86.4 1 0
bkpdir/formatter.go:88.2,88.25 1 0
bkpdir/formatter.go:92.42,95.34 2 0
bkpdir/formatter.go:95.34,96.34 1 0
bkpdir/formatter.go:96.34,98.4 1 0
bkpdir/formatter.go:98.9,100.4 1 0
bkpdir/formatter.go:102.2,102.25 1 0
bkpdir/formatter.go:106.36,109.2 1 1
bkpdir/formatter.go:129.55,131.2 1 1
bkpdir/formatter.go:136.96,138.2 1 1
bkpdir/formatter.go:142.48,144.2 1 1
bkpdir/formatter.go:148.59,150.2 1 1
bkpdir/formatter.go:154.68,156.2 1 1
bkpdir/formatter.go:164.68,166.2 1 1
bkpdir/formatter.go:174.70,176.2 1 1
bkpdir/formatter.go:184.79,186.2 1 1
bkpdir/formatter.go:194.80,196.2 1 1
bkpdir/formatter.go:204.67,206.2 1 1
bkpdir/formatter.go:214.62,216.2 1 1
bkpdir/formatter.go:226.60,228.24 2 1
bkpdir/formatter.go:228.24,231.3 1 1
bkpdir/formatter.go:231.8,233.3 1 0
bkpdir/formatter.go:244.62,246.24 2 1
bkpdir/formatter.go:246.24,249.3 1 1
bkpdir/formatter.go:249.8,251.3 1 0
bkpdir/formatter.go:262.71,264.24 2 1
bkpdir/formatter.go:264.24,267.3 1 1
bkpdir/formatter.go:267.8,269.3 1 0
bkpdir/formatter.go:280.72,282.24 2 1
bkpdir/formatter.go:282.24,285.3 1 1
bkpdir/formatter.go:285.8,287.3 1 0
bkpdir/formatter.go:298.59,300.24 2 1
bkpdir/formatter.go:300.24,303.3 1 0
bkpdir/formatter.go:303.8,305.3 1 1
bkpdir/formatter.go:316.54,318.24 2 1
bkpdir/formatter.go:318.24,321.3 1 0
bkpdir/formatter.go:321.8,323.3 1 1
bkpdir/formatter.go:334.59,336.24 2 1
bkpdir/formatter.go:336.24,339.3 1 1
bkpdir/formatter.go:339.8,341.3 1 0
bkpdir/formatter.go:352.61,354.24 2 1
bkpdir/formatter.go:354.24,357.3 1 1
bkpdir/formatter.go:357.8,359.3 1 0
bkpdir/formatter.go:370.70,372.24 2 1
bkpdir/formatter.go:372.24,375.3 1 1
bkpdir/formatter.go:375.8,377.3 1 0
bkpdir/formatter.go:388.58,390.24 2 1
bkpdir/formatter.go:390.24,393.3 1 1
bkpdir/formatter.go:393.8,395.3 1 0
bkpdir/formatter.go:404.89,406.2 1 1
bkpdir/formatter.go:414.88,416.2 1 1
bkpdir/formatter.go:424.80,426.2 1 1
bkpdir/formatter.go:434.84,436.2 1 1
bkpdir/formatter.go:444.82,451.19 4 1
bkpdir/formatter.go:451.19,453.3 1 1
bkpdir/formatter.go:456.2,456.44 1 0
bkpdir/formatter.go:465.100,473.19 5 1
bkpdir/formatter.go:473.19,475.3 1 1
bkpdir/formatter.go:478.2,478.55 1 0
bkpdir/formatter.go:481.46,483.20 2 1
bkpdir/formatter.go:483.20,485.3 1 1
bkpdir/formatter.go:486.2,486.13 1 0
bkpdir/formatter.go:494.67,496.2 1 1
bkpdir/formatter.go:503.69,505.2 1 1
bkpdir/formatter.go:512.78,514.2 1 1
bkpdir/formatter.go:521.66,523.2 1 1
bkpdir/formatter.go:530.87,532.2 1 1
bkpdir/formatter.go:539.89,541.2 1 1
bkpdir/formatter.go:548.84,550.2 1 1
bkpdir/formatter.go:553.84,555.2 1 1
bkpdir/formatter.go:558.86,560.2 1 1
bkpdir/formatter.go:563.86,565.2 1 1
bkpdir/formatter.go:568.88,570.2 1 1
bkpdir/formatter.go:573.83,575.2 1 1
bkpdir/formatter.go:578.85,580.2 1 1
bkpdir/formatter.go:583.93,586.31 2 1
bkpdir/formatter.go:586.31,589.3 2 1
bkpdir/formatter.go:592.2,593.16 2 1
bkpdir/formatter.go:593.16,596.3 1 0
bkpdir/formatter.go:598.2,599.49 2 1
bkpdir/formatter.go:599.49,602.3 1 0
bkpdir/formatter.go:604.2,604.21 1 1
bkpdir/formatter.go:608.86,610.16 2 1
bkpdir/formatter.go:610.16,612.3 1 0
bkpdir/formatter.go:614.2,615.20 2 1
bkpdir/formatter.go:615.20,617.3 1 0
bkpdir/formatter.go:619.2,620.40 2 1
bkpdir/formatter.go:620.40,621.46 1 1
bkpdir/formatter.go:621.46,623.4 1 1
bkpdir/formatter.go:626.2,626.15 1 1
bkpdir/formatter.go:645.59,647.2 1 1
bkpdir/formatter.go:655.97,658.16 2 1
bkpdir/formatter.go:658.16,660.3 1 0
bkpdir/formatter.go:662.2,663.20 2 1
bkpdir/formatter.go:663.20,665.3 1 0
bkpdir/formatter.go:668.2,669.40 2 1
bkpdir/formatter.go:669.40,670.46 1 1
bkpdir/formatter.go:670.46,672.4 1 1
bkpdir/formatter.go:676.2,676.54 1 1
bkpdir/formatter.go:685.99,689.31 2 1
bkpdir/formatter.go:689.31,692.3 2 1
bkpdir/formatter.go:695.2,696.16 2 1
bkpdir/formatter.go:696.16,699.3 1 0
bkpdir/formatter.go:701.2,702.49 2 1
bkpdir/formatter.go:702.49,705.3 1 0
bkpdir/formatter.go:707.2,707.21 1 1
bkpdir/formatter.go:716.84,718.2 1 1
bkpdir/formatter.go:726.86,728.2 1 1
bkpdir/formatter.go:736.81,738.2 1 1
bkpdir/formatter.go:746.81,748.2 1 1
bkpdir/formatter.go:756.83,758.2 1 1
bkpdir/formatter.go:766.75,768.2 1 1
bkpdir/formatter.go:776.83,778.2 1 1
bkpdir/formatter.go:786.85,788.2 1 1
bkpdir/formatter.go:796.80,798.2 1 1
bkpdir/formatter.go:806.82,808.2 1 1
bkpdir/formatter.go:816.71,822.2 4 1
bkpdir/formatter.go:830.70,836.2 4 1
bkpdir/formatter.go:844.81,851.2 5 1
bkpdir/formatter.go:859.76,865.2 2 1
bkpdir/formatter.go:873.84,875.16 2 1
bkpdir/formatter.go:875.16,877.3 1 0
bkpdir/formatter.go:879.2,880.20 2 1
bkpdir/formatter.go:880.20,882.3 1 1
bkpdir/formatter.go:884.2,885.40 2 1
bkpdir/formatter.go:885.40,886.46 1 1
bkpdir/formatter.go:886.46,888.4 1 1
bkpdir/formatter.go:891.2,891.15 1 1
bkpdir/formatter.go:900.83,902.16 2 1
bkpdir/formatter.go:902.16,904.3 1 0
bkpdir/formatter.go:906.2,907.20 2 1
bkpdir/formatter.go:907.20,909.3 1 1
bkpdir/formatter.go:911.2,912.40 2 1
bkpdir/formatter.go:912.40,913.46 1 1
bkpdir/formatter.go:913.46,915.4 1 1
bkpdir/formatter.go:918.2,918.15 1 1
bkpdir/formatter.go:927.80,934.19 4 1
bkpdir/formatter.go:934.19,936.3 1 1
bkpdir/formatter.go:939.2,939.42 1 0
bkpdir/formatter.go:948.98,956.19 5 1
bkpdir/formatter.go:956.19,958.3 1 1
bkpdir/formatter.go:961.2,961.53 1 0
bkpdir/formatter.go:968.72,970.2 1 1
bkpdir/formatter.go:977.75,979.2 1 1
bkpdir/formatter.go:985.90,987.2 1 1
bkpdir/formatter.go:993.80,995.2 1 1
bkpdir/formatter.go:1001.91,1003.2 1 1
bkpdir/formatter.go:1009.92,1011.2 1 1
bkpdir/formatter.go:1017.68,1019.2 1 1
bkpdir/formatter.go:1025.60,1027.2 1 1
bkpdir/formatter.go:1033.69,1035.2 1 1
bkpdir/formatter.go:1041.58,1043.2 1 1
bkpdir/formatter.go:1050.83,1052.2 1 1
bkpdir/formatter.go:1058.71,1060.2 1 1
bkpdir/formatter.go:1066.69,1068.2 1 1
bkpdir/formatter.go:1074.67,1076.2 1 1
bkpdir/formatter.go:1083.88,1085.2 1 1
bkpdir/formatter.go:1091.91,1093.2 1 1
bkpdir/formatter.go:1099.92,1101.2 1 1
bkpdir/formatter.go:1107.92,1109.2 1 1
bkpdir/formatter.go:1115.93,1117.2 1 1
bkpdir/formatter.go:1123.87,1125.2 1 1
bkpdir/formatter.go:1131.90,1133.2 1 1
bkpdir/formatter.go:1139.88,1141.2 1 1
bkpdir/formatter.go:1147.88,1149.2 1 1
bkpdir/formatter.go:1155.91,1157.2 1 1
bkpdir/formatter.go:1164.87,1166.2 1 1
bkpdir/formatter.go:1172.90,1174.2 1 1
bkpdir/formatter.go:1180.88,1182.2 1 1
bkpdir/formatter.go:1188.86,1190.2 1 1
bkpdir/formatter.go:1195.67,1197.24 2 1
bkpdir/formatter.go:1197.24,1200.3 1 1
bkpdir/formatter.go:1200.8,1202.3 1 0
bkpdir/formatter.go:1206.82,1208.24 2 1
bkpdir/formatter.go:1208.24,1211.3 1 1
bkpdir/formatter.go:1211.8,1213.3 1 0
bkpdir/formatter.go:1217.72,1219.24 2 1
bkpdir/formatter.go:1219.24,1222.3 1 1
bkpdir/formatter.go:1222.8,1224.3 1 0
bkpdir/formatter.go:1228.83,1230.24 2 1
bkpdir/formatter.go:1230.24,1233.3 1 1
bkpdir/formatter.go:1233.8,1235.3 1 0
bkpdir/formatter.go:1239.84,1241.24 2 1
bkpdir/formatter.go:1241.24,1244.3 1 0
bkpdir/formatter.go:1244.8,1246.3 1 1
bkpdir/formatter.go:1250.60,1252.24 2 1
bkpdir/formatter.go:1252.24,1255.3 1 0
bkpdir/formatter.go:1255.8,1257.3 1 1
bkpdir/formatter.go:1261.52,1263.24 2 1
bkpdir/formatter.go:1263.24,1266.3 1 0
bkpdir/formatter.go:1266.8,1268.3 1 1
bkpdir/formatter.go:1272.61,1274.24 2 1
bkpdir/formatter.go:1274.24,1277.3 1 0
bkpdir/formatter.go:1277.8,1279.3 1 1
bkpdir/formatter.go:1283.50,1285.24 2 1
bkpdir/formatter.go:1285.24,1288.3 1 0
bkpdir/formatter.go:1288.8,1290.3 1 1
bkpdir/formatter.go:1294.64,1296.24 2 1
bkpdir/formatter.go:1296.24,1299.3 1 0
bkpdir/formatter.go:1299.8,1301.3 1 1
bkpdir/formatter.go:1306.75,1308.24 2 1
bkpdir/formatter.go:1308.24,1311.3 1 1
bkpdir/formatter.go:1311.8,1313.3 1 0
bkpdir/formatter.go:1317.63,1319.24 2 1
bkpdir/formatter.go:1319.24,1322.3 1 1
bkpdir/formatter.go:1322.8,1324.3 1 0
bkpdir/formatter.go:1328.61,1330.24 2 1
bkpdir/formatter.go:1330.24,1333.3 1 1
bkpdir/formatter.go:1333.8,1335.3 1 0
bkpdir/formatter.go:1339.59,1341.24 2 1
bkpdir/formatter.go:1341.24,1344.3 1 0
bkpdir/formatter.go:1344.8,1346.3 1 1
bkpdir/formatter.go:1350.65,1353.2 1 1
bkpdir/formatter.go:1355.67,1358.2 1 1
bkpdir/formatter.go:1360.69,1363.2 1 1
bkpdir/formatter.go:1365.64,1368.2 1 1
bkpdir/formatter.go:1370.68,1373.2 1 1
bkpdir/formatter.go:1375.63,1378.2 1 1
bkpdir/formatter.go:1380.67,1383.2 1 1
bkpdir/formatter.go:1385.70,1388.2 1 1
bkpdir/formatter.go:1390.71,1393.2 1 1
bkpdir/formatter.go:1395.67,1398.2 1 1
bkpdir/formatter.go:1400.67,1403.2 1 1
bkpdir/formatter.go:1405.68,1408.2 1 1
bkpdir/formatter.go:1411.67,1417.2 2 1
bkpdir/formatter.go:1419.69,1425.2 2 1
bkpdir/formatter.go:1427.71,1433.2 2 1
bkpdir/formatter.go:1435.66,1441.2 2 1
bkpdir/formatter.go:1443.70,1449.2 2 1
bkpdir/formatter.go:1451.65,1457.2 2 1
bkpdir/formatter.go:1459.69,1465.2 2 1
bkpdir/formatter.go:1467.72,1473.2 2 1
bkpdir/formatter.go:1475.73,1481.2 2 1
bkpdir/formatter.go:1483.69,1489.2 2 1
bkpdir/formatter.go:1491.69,1497.2 2 1
bkpdir/formatter.go:1499.70,1505.2 2 1
bkpdir/formatter.go:1509.57,1512.24 2 1
bkpdir/formatter.go:1512.24,1515.3 1 0
bkpdir/formatter.go:1515.8,1517.3 1 1
bkpdir/formatter.go:1521.59,1524.24 2 1
bkpdir/formatter.go:1524.24,1527.3 1 0
bkpdir/formatter.go:1527.8,1529.3 1 1
bkpdir/formatter.go:1533.61,1536.24 2 1
bkpdir/formatter.go:1536.24,1539.3 1 0
bkpdir/formatter.go:1539.8,1541.3 1 1
bkpdir/formatter.go:1545.56,1548.24 2 1
bkpdir/formatter.go:1548.24,1551.3 1 1
bkpdir/formatter.go:1551.8,1553.3 1 0
bkpdir/formatter.go:1557.60,1560.24 2 1
bkpdir/formatter.go:1560.24,1563.3 1 1
bkpdir/formatter.go:1563.8,1565.3 1 0
bkpdir/formatter.go:1569.55,1572.24 2 1
bkpdir/formatter.go:1572.24,1575.3 1 1
bkpdir/formatter.go:1575.8,1577.3 1 0
bkpdir/formatter.go:1581.59,1584.24 2 1
bkpdir/formatter.go:1584.24,1587.3 1 1
bkpdir/formatter.go:1587.8,1589.3 1 0
bkpdir/formatter.go:1593.62,1596.24 2 1
bkpdir/formatter.go:1596.24,1599.3 1 1
bkpdir/formatter.go:1599.8,1601.3 1 0
bkpdir/formatter.go:1605.63,1608.24 2 1
bkpdir/formatter.go:1608.24,1611.3 1 1
bkpdir/formatter.go:1611.8,1613.3 1 0
bkpdir/formatter.go:1617.59,1620.24 2 1
bkpdir/formatter.go:1620.24,1623.3 1 1
bkpdir/formatter.go:1623.8,1625.3 1 0
bkpdir/formatter.go:1629.59,1632.24 2 1
bkpdir/formatter.go:1632.24,1635.3 1 1
bkpdir/formatter.go:1635.8,1637.3 1 0
bkpdir/formatter.go:1641.60,1644.24 2 1
bkpdir/formatter.go:1644.24,1647.3 1 1
bkpdir/formatter.go:1647.8,1649.3 1 0
bkpdir/formatter.go:1654.71,1656.24 2 1
bkpdir/formatter.go:1656.24,1659.3 1 1
bkpdir/formatter.go:1659.8,1661.3 1 0
bkpdir/formatter.go:1666.77,1668.24 2 1
bkpdir/formatter.go:1668.24,1671.3 1 0
bkpdir/formatter.go:1671.8,1673.3 1 1
bkpdir/git.go:27.35,29.2 1 0
bkpdir/git.go:37.39,42.2 4 1
bkpdir/git.go:50.38,54.16 4 1
bkpdir/git.go:54.16,56.3 1 1
bkpdir/git.go:57.2,57.39 1 1
bkpdir/git.go:66.41,70.16 4 1
bkpdir/git.go:70.16,72.3 1 1
bkpdir/git.go:73.2,73.39 1 1
bkpdir/git.go:82.51,83.27 1 1
bkpdir/git.go:83.27,85.3 1 1
bkpdir/git.go:86.2,86.48 1 1
bkpdir/git.go:95.50,96.27 1 1
bkpdir/git.go:96.27,98.3 1 1
bkpdir/git.go:100.2,103.16 4 1
bkpdir/git.go:103.16,105.3 1 0
bkpdir/git.go:107.2,107.49 1 1
bkpdir/git.go:116.75,117.27 1 1
bkpdir/git.go:117.27,119.3 1 1
bkpdir/git.go:120.2,120.81 1 1
bkpdir/main.go:44.13,75.48 1 0
bkpdir/main.go:75.48,77.18 1 0
bkpdir/main.go:77.18,80.5 2 0
bkpdir/main.go:82.4,82.35 1 0
bkpdir/main.go:82.35,85.5 2 0
bkpdir/main.go:87.4,87.14 1 0
bkpdir/main.go:92.2,118.42 14 0
bkpdir/main.go:118.42,121.3 2 0
bkpdir/main.go:124.28,128.16 2 0
bkpdir/main.go:128.16,131.3 2 0
bkpdir/main.go:133.2,134.16 2 0
bkpdir/main.go:134.16,137.3 2 0
bkpdir/main.go:139.2,144.35 4 0
bkpdir/main.go:144.35,146.36 2 0
bkpdir/main.go:146.36,148.4 1 0
bkpdir/main.go:149.3,149.34 1 0
bkpdir/main.go:152.2,159.34 4 0
bkpdir/main.go:159.34,161.3 1 0
bkpdir/main.go:164.29,166.2 0 0
bkpdir/main.go:168.26,177.16 2 1
bkpdir/main.go:177.16,180.3 2 0
bkpdir/main.go:182.2,183.16 2 1
bkpdir/main.go:183.16,186.3 2 0
bkpdir/main.go:188.2,190.61 2 1
bkpdir/main.go:190.61,193.3 2 0
bkpdir/main.go:196.29,198.2 0 0
bkpdir/main.go:200.30,202.2 0 0
bkpdir/main.go:204.33,220.46 1 0
bkpdir/main.go:220.46,221.22 1 0
bkpdir/main.go:221.22,224.5 1 0
bkpdir/main.go:224.10,224.29 1 0
bkpdir/main.go:224.29,227.5 1 0
bkpdir/main.go:227.10,231.5 3 0
bkpdir/main.go:234.2,234.12 1 0
bkpdir/main.go:237.33,243.39 1 0
bkpdir/main.go:243.39,245.4 1 0
bkpdir/main.go:247.2,247.12 1 0
bkpdir/main.go:250.31,271.46 1 1
bkpdir/main.go:271.46,274.18 3 1
bkpdir/main.go:274.18,277.5 2 0
bkpdir/main.go:279.4,280.18 2 1
bkpdir/main.go:280.18,283.5 2 0
bkpdir/main.go:285.4,289.42 3 1
bkpdir/main.go:289.42,291.5 1 1
bkpdir/main.go:293.4,293.93 1 1
bkpdir/main.go:293.93,296.5 2 0
bkpdir/main.go:299.2,300.12 2 1
bkpdir/main.go:303.30,324.46 1 1
bkpdir/main.go:324.46,327.18 3 1
bkpdir/main.go:327.18,330.5 2 0
bkpdir/main.go:332.4,333.18 2 1
bkpdir/main.go:333.18,336.5 2 0
bkpdir/main.go:338.4,342.42 3 1
bkpdir/main.go:342.42,344.5 1 1
bkpdir/main.go:346.4,346.100 1 1
bkpdir/main.go:346.100,349.5 2 0
bkpdir/main.go:352.2,353.12 2 1
bkpdir/main.go:356.31,362.39 1 1
bkpdir/main.go:362.39,364.4 1 1
bkpdir/main.go:366.2,366.12 1 1
bkpdir/main.go:369.33,375.39 1 0
bkpdir/main.go:375.39,377.4 1 0
bkpdir/main.go:379.2,379.12 1 0
bkpdir/main.go:382.34,388.39 1 0
bkpdir/main.go:388.39,390.4 1 0
bkpdir/main.go:392.2,392.12 1 0
bkpdir/main.go:407.59,411.2 1 0
bkpdir/main.go:415.66,419.2 1 0
bkpdir/main.go:423.74,427.16 2 1
bkpdir/main.go:427.16,429.3 1 0
bkpdir/main.go:431.2,432.27 2 1
bkpdir/main.go:432.27,434.3 1 1
bkpdir/main.go:436.2,437.16 2 1
bkpdir/main.go:437.16,439.3 1 0
bkpdir/main.go:441.2,441.24 1 1
bkpdir/main.go:441.24,444.3 2 0
bkpdir/main.go:447.2,447.43 1 1
bkpdir/main.go:447.43,449.3 1 1
bkpdir/main.go:451.2,451.29 1 1
bkpdir/main.go:451.29,453.34 2 1
bkpdir/main.go:453.34,454.39 1 0
bkpdir/main.go:454.39,456.5 1 0
bkpdir/main.go:456.10,458.5 1 0
bkpdir/main.go:459.9,461.4 1 1
bkpdir/main.go:464.3,468.55 4 1
bkpdir/main.go:471.2,471.12 1 1
bkpdir/main.go:484.54,488.16 2 0
bkpdir/main.go:488.16,490.3 1 0
bkpdir/main.go:492.2,492.28 1 0
bkpdir/main.go:492.28,494.3 1 0
bkpdir/main.go:495.2,495.44 1 0
bkpdir/main.go:499.55,503.16 2 0
bkpdir/main.go:503.16,506.3 1 0
bkpdir/main.go:508.2,509.27 2 0
bkpdir/main.go:509.27,511.3 1 0
bkpdir/main.go:512.2,512.24 1 0
bkpdir/main.go:516.71,525.16 4 0
bkpdir/main.go:525.16,527.3 1 0
bkpdir/main.go:529.2,529.68 1 0
bkpdir/main.go:533.69,536.16 2 0
bkpdir/main.go:536.16,538.3 1 0
bkpdir/main.go:540.2,541.35 2 0
bkpdir/main.go:541.35,543.17 2 0
bkpdir/main.go:543.17,546.12 3 0
bkpdir/main.go:549.3,549.82 1 0
bkpdir/main.go:549.82,551.4 1 0
bkpdir/main.go:554.2,554.16 1 0
bkpdir/main.go:554.16,556.3 1 0
bkpdir/main.go:557.2,557.12 1 0
bkpdir/main.go:561.94,563.18 1 0
bkpdir/main.go:563.18,565.17 2 0
bkpdir/main.go:565.17,567.4 1 0
bkpdir/main.go:568.3,568.21 1 0
bkpdir/main.go:571.2,572.16 2 0
bkpdir/main.go:572.16,574.3 1 0
bkpdir/main.go:575.2,575.20 1 0
bkpdir/main.go:579.96,586.65 4 0
bkpdir/main.go:586.65,589.3 1 0
bkpdir/main.go:591.2,591.23 1 0
bkpdir/main.go:591.23,594.3 2 0
bkpdir/main.go:596.2,597.39 2 0
bkpdir/main.go:597.39,599.3 1 0
bkpdir/main.go:600.2,600.58 1 0
bkpdir/main.go:603.50,607.20 2 0
bkpdir/main.go:607.20,609.3 1 0
bkpdir/main.go:609.8,609.26 1 0
bkpdir/main.go:609.26,611.3 1 0
bkpdir/main.go:611.8,614.3 2 0
bkpdir/main.go:616.2,617.16 2 0
bkpdir/main.go:617.16,620.3 2 0
bkpdir/main.go:622.2,623.16 2 0
bkpdir/main.go:623.16,626.3 2 0
bkpdir/main.go:628.2,630.74 2 0
bkpdir/main.go:630.74,633.3 2 0
bkpdir/main.go:636.33,656.46 1 0
bkpdir/main.go:656.46,659.18 3 0
bkpdir/main.go:659.18,662.5 2 0
bkpdir/main.go:664.4,665.18 2 0
bkpdir/main.go:665.18,668.5 2 0
bkpdir/main.go:670.4,676.41 4 0
bkpdir/main.go:676.41,678.5 1 0
bkpdir/main.go:680.4,687.19 1 0
bkpdir/main.go:687.19,690.5 2 0
bkpdir/main.go:693.2,694.12 2 0
bkpdir/main.go:697.48,702.16 2 1
bkpdir/main.go:702.16,705.3 2 0
bkpdir/main.go:707.2,708.16 2 1
bkpdir/main.go:708.16,711.3 2 0
bkpdir/main.go:713.2,721.43 8 1
bkpdir/main.go:724.71,729.54 2 1
bkpdir/main.go:729.54,730.59 1 1
bkpdir/main.go:730.59,733.4 2 0
bkpdir/main.go:734.8,736.3 1 1
bkpdir/main.go:738.2,738.19 1 1
bkpdir/main.go:741.56,743.13 1 1
bkpdir/main.go:744.104,745.41 1 1
bkpdir/main.go:747.50,748.41 1 1
bkpdir/main.go:749.67,750.15 1 1
bkpdir/main.go:751.10,758.13 4 0
bkpdir/main.go:762.50,764.21 1 1
bkpdir/main.go:764.21,766.3 1 1
bkpdir/main.go:767.2,767.22 1 1
bkpdir/main.go:767.22,769.3 1 1
bkpdir/main.go:770.2,772.14 3 0
bkpdir/main.go:775.49,778.16 2 1
bkpdir/main.go:778.16,781.3 2 0
bkpdir/main.go:782.2,782.15 1 1
bkpdir/main.go:785.98,787.62 1 1
bkpdir/main.go:787.62,788.40 1 1
bkpdir/main.go:788.40,790.4 1 1
bkpdir/main.go:791.3,792.32 2 1
bkpdir/main.go:792.32,794.4 1 1
bkpdir/main.go:794.9,796.4 1 1
bkpdir/main.go:797.8,799.3 1 1
bkpdir/main.go:802.75,806.16 2 1
bkpdir/main.go:806.16,809.3 2 0
bkpdir/main.go:811.2,811.65 1 1
bkpdir/main.go:811.65,814.3 2 0
bkpdir/verify.go:31.69,41.16 3 1
bkpdir/verify.go:41.16,45.3 3 1
bkpdir/verify.go:46.2,49.35 2 1
bkpdir/verify.go:49.35,50.42 1 1
bkpdir/verify.go:50.42,53.4 2 0
bkpdir/verify.go:56.2,56.20 1 1
bkpdir/verify.go:60.39,64.16 2 1
bkpdir/verify.go:64.16,66.3 1 0
bkpdir/verify.go:67.2,72.33 4 1
bkpdir/verify.go:72.33,74.3 1 0
bkpdir/verify.go:76.2,76.12 1 1
bkpdir/verify.go:80.88,84.40 2 1
bkpdir/verify.go:84.40,86.17 2 1
bkpdir/verify.go:86.17,88.4 1 0
bkpdir/verify.go:89.3,89.32 1 1
bkpdir/verify.go:91.2,91.23 1 1
bkpdir/verify.go:95.61,98.16 2 1
bkpdir/verify.go:98.16,100.3 1 0
bkpdir/verify.go:101.2,104.47 3 1
bkpdir/verify.go:104.47,106.3 1 0
bkpdir/verify.go:108.2,108.47 1 1
bkpdir/verify.go:112.74,117.16 2 1
bkpdir/verify.go:117.16,119.3 1 0
bkpdir/verify.go:120.2,124.93 3 1
bkpdir/verify.go:124.93,126.3 1 0
bkpdir/verify.go:127.2,130.57 2 1
bkpdir/verify.go:130.57,132.3 1 0
bkpdir/verify.go:134.2,134.12 1 1
bkpdir/verify.go:138.77,142.16 2 1
bkpdir/verify.go:142.16,144.3 1 0
bkpdir/verify.go:146.2,147.50 2 1
bkpdir/verify.go:147.50,151.3 3 0
bkpdir/verify.go:153.2,153.40 1 1
bkpdir/verify.go:153.40,156.3 2 0
bkpdir/verify.go:158.2,158.21 1 1
bkpdir/verify.go:162.86,167.16 2 1
bkpdir/verify.go:167.16,169.3 1 0
bkpdir/verify.go:170.2,174.16 3 1
bkpdir/verify.go:174.16,176.3 1 0
bkpdir/verify.go:177.2,183.60 4 1
bkpdir/verify.go:183.60,185.3 1 0
bkpdir/verify.go:188.2,188.51 1 1
bkpdir/verify.go:192.73,194.35 1 1
bkpdir/verify.go:194.35,195.55 1 1
bkpdir/verify.go:195.55,197.4 1 0
bkpdir/verify.go:199.2,199.12 1 1
bkpdir/verify.go:203.64,206.16 2 1
bkpdir/verify.go:206.16,208.3 1 0
bkpdir/verify.go:209.2,212.16 3 1
bkpdir/verify.go:212.16,214.3 1 0
bkpdir/verify.go:215.2,218.16 3 1
bkpdir/verify.go:218.16,220.3 1 0
bkpdir/verify.go:222.2,222.42 1 1
bkpdir/verify.go:222.42,224.3 1 0
bkpdir/verify.go:226.2,226.12 1 1
bkpdir/verify.go:230.71,234.16 2 1
bkpdir/verify.go:234.16,236.3 1 0
bkpdir/verify.go:237.2,244.16 4 1
bkpdir/verify.go:244.16,246.3 1 0
bkpdir/verify.go:248.2,248.52 1 1
bkpdir/verify.go:248.52,250.3 1 0
bkpdir/verify.go:252.2,252.12 1 1
bkpdir/verify.go:256.65,260.16 2 0
bkpdir/verify.go:260.16,262.3 1 0
bkpdir/verify.go:263.2,266.16 3 0
bkpdir/verify.go:266.16,268.3 1 0
bkpdir/verify.go:270.2,270.44 1 0
bkpdir/verify.go:274.67,276.35 1 1
bkpdir/verify.go:276.35,277.32 1 1
bkpdir/verify.go:277.32,279.4 1 1
bkpdir/verify.go:281.2,281.63 1 0
bkpdir/verify.go:285.71,288.16 2 1
bkpdir/verify.go:288.16,290.3 1 0
bkpdir/verify.go:291.2,295.51 4 1
bkpdir/verify.go:295.51,297.3 1 0
bkpdir/verify.go:299.2,299.23 1 1
bkpdir/verify.go:303.71,312.16 3 1
bkpdir/verify.go:312.16,314.3 1 0
bkpdir/verify.go:315.2,318.16 3 1
bkpdir/verify.go:318.16,320.3 1 0
bkpdir/verify.go:322.2,323.16 2 1
bkpdir/verify.go:323.16,325.3 1 0
bkpdir/verify.go:327.2,327.80 1 1
bkpdir/verify.go:327.80,329.3 1 0
bkpdir/verify.go:331.2,332.20 2 1
bkpdir/verify.go:340.32,346.2 3 0
bkpdir/verify.go:353.9,355.35 1 1
bkpdir/verify.go:355.35,356.32 1 1
bkpdir/verify.go:356.32,357.12 1 1
bkpdir/verify.go:360.3,360.75 1 1
bkpdir/verify.go:360.75,362.4 1 0
bkpdir/verify.go:364.2,364.12 1 1
bkpdir/verify.go:368.105,371.16 2 1
bkpdir/verify.go:371.16,373.3 1 0
bkpdir/verify.go:374.2,377.45 3 1
bkpdir/verify.go:377.45,379.3 1 0
bkpdir/verify.go:381.2,384.13 3 1
bkpdir/verify.go:384.13,386.3 1 0
bkpdir/verify.go:387.2,387.42 1 1
bkpdir/verify.go:387.42,389.3 1 0
bkpdir/verify.go:391.2,391.12 1 1
bkpdir/verify.go:395.82,399.56 2 1
bkpdir/verify.go:399.56,401.3 1 0
bkpdir/verify.go:403.2,405.16 3 1
bkpdir/verify.go:405.16,407.3 1 0
bkpdir/verify.go:408.2,411.47 3 1
bkpdir/verify.go:411.47,413.3 1 0
bkpdir/verify.go:415.2,415.12 1 1
bkpdir/verify.go:419.76,424.57 3 1
bkpdir/verify.go:424.57,426.3 1 1
bkpdir/verify.go:428.2,429.16 2 1
bkpdir/verify.go:429.16,431.3 1 0
bkpdir/verify.go:432.2,436.48 4 1
bkpdir/verify.go:436.48,438.3 1 0
bkpdir/verify.go:440.2,440.21 1 1
